Determining if the pthread_create exist failed with the following output:
Change Dir: /home/dox/Algorithm/OpenPose/build/CMakeFiles/CMakeTmp

Run Build Command:"/usr/bin/make" "cmTC_ecedb/fast"
/usr/bin/make -f CMakeFiles/cmTC_ecedb.dir/build.make CMakeFiles/cmTC_ecedb.dir/build
make[1]: Entering directory '/home/dox/Algorithm/OpenPose/build/CMakeFiles/CMakeTmp'
Building C object CMakeFiles/cmTC_ecedb.dir/CheckSymbolExists.c.o
/usr/bin/cc   -fPIC    -o CMakeFiles/cmTC_ecedb.dir/CheckSymbolExists.c.o   -c /home/dox/Algorithm/OpenPose/build/CMakeFiles/CMakeTmp/CheckSymbolExists.c
Linking C executable cmTC_ecedb
/usr/bin/cmake -E cmake_link_script CMakeFiles/cmTC_ecedb.dir/link.txt --verbose=1
/usr/bin/cc -fPIC     -rdynamic CMakeFiles/cmTC_ecedb.dir/CheckSymbolExists.c.o  -o cmTC_ecedb 
CMakeFiles/cmTC_ecedb.dir/CheckSymbolExists.c.o: In function `main':
CheckSymbolExists.c:(.text+0x1b): undefined reference to `pthread_create'
collect2: error: ld returned 1 exit status
CMakeFiles/cmTC_ecedb.dir/build.make:97: recipe for target 'cmTC_ecedb' failed
make[1]: *** [cmTC_ecedb] Error 1
make[1]: Leaving directory '/home/dox/Algorithm/OpenPose/build/CMakeFiles/CMakeTmp'
Makefile:126: recipe for target 'cmTC_ecedb/fast' failed
make: *** [cmTC_ecedb/fast] Error 2

File /home/dox/Algorithm/OpenPose/build/CMakeFiles/CMakeTmp/CheckSymbolExists.c:
/* */
#include <pthread.h>

int main(int argc, char** argv)
{
  (void)argv;
#ifndef pthread_create
  return ((int*)(&pthread_create))[argc];
#else
  (void)argc;
  return 0;
#endif
}

Determining if the function pthread_create exists in the pthreads failed with the following output:
Change Dir: /home/dox/Algorithm/OpenPose/build/CMakeFiles/CMakeTmp

Run Build Command:"/usr/bin/make" "cmTC_4328c/fast"
/usr/bin/make -f CMakeFiles/cmTC_4328c.dir/build.make CMakeFiles/cmTC_4328c.dir/build
make[1]: Entering directory '/home/dox/Algorithm/OpenPose/build/CMakeFiles/CMakeTmp'
Building C object CMakeFiles/cmTC_4328c.dir/CheckFunctionExists.c.o
/usr/bin/cc   -fPIC -DCHECK_FUNCTION_EXISTS=pthread_create   -o CMakeFiles/cmTC_4328c.dir/CheckFunctionExists.c.o   -c /usr/share/cmake-3.10/Modules/CheckFunctionExists.c
Linking C executable cmTC_4328c
/usr/bin/cmake -E cmake_link_script CMakeFiles/cmTC_4328c.dir/link.txt --verbose=1
/usr/bin/cc -fPIC -DCHECK_FUNCTION_EXISTS=pthread_create    -rdynamic CMakeFiles/cmTC_4328c.dir/CheckFunctionExists.c.o  -o cmTC_4328c -lpthreads 
/usr/bin/ld: cannot find -lpthreads
collect2: error: ld returned 1 exit status
CMakeFiles/cmTC_4328c.dir/build.make:97: recipe for target 'cmTC_4328c' failed
make[1]: *** [cmTC_4328c] Error 1
make[1]: Leaving directory '/home/dox/Algorithm/OpenPose/build/CMakeFiles/CMakeTmp'
Makefile:126: recipe for target 'cmTC_4328c/fast' failed
make: *** [cmTC_4328c/fast] Error 2


Determining if the pthread_create exist failed with the following output:
Change Dir: /home/dox/Algorithm/OpenPose/build/CMakeFiles/CMakeTmp

Run Build Command:"/usr/bin/make" "cmTC_dfc25/fast"
/usr/bin/make -f CMakeFiles/cmTC_dfc25.dir/build.make CMakeFiles/cmTC_dfc25.dir/build
make[1]: Entering directory '/home/dox/Algorithm/OpenPose/build/CMakeFiles/CMakeTmp'
Building C object CMakeFiles/cmTC_dfc25.dir/CheckSymbolExists.c.o
/usr/bin/cc   -fPIC    -o CMakeFiles/cmTC_dfc25.dir/CheckSymbolExists.c.o   -c /home/dox/Algorithm/OpenPose/build/CMakeFiles/CMakeTmp/CheckSymbolExists.c
Linking C executable cmTC_dfc25
/usr/bin/cmake -E cmake_link_script CMakeFiles/cmTC_dfc25.dir/link.txt --verbose=1
/usr/bin/cc -fPIC     -rdynamic CMakeFiles/cmTC_dfc25.dir/CheckSymbolExists.c.o  -o cmTC_dfc25 
CMakeFiles/cmTC_dfc25.dir/CheckSymbolExists.c.o: In function `main':
CheckSymbolExists.c:(.text+0x1b): undefined reference to `pthread_create'
collect2: error: ld returned 1 exit status
CMakeFiles/cmTC_dfc25.dir/build.make:97: recipe for target 'cmTC_dfc25' failed
make[1]: *** [cmTC_dfc25] Error 1
make[1]: Leaving directory '/home/dox/Algorithm/OpenPose/build/CMakeFiles/CMakeTmp'
Makefile:126: recipe for target 'cmTC_dfc25/fast' failed
make: *** [cmTC_dfc25/fast] Error 2

File /home/dox/Algorithm/OpenPose/build/CMakeFiles/CMakeTmp/CheckSymbolExists.c:
/* */
#include <pthread.h>

int main(int argc, char** argv)
{
  (void)argv;
#ifndef pthread_create
  return ((int*)(&pthread_create))[argc];
#else
  (void)argc;
  return 0;
#endif
}

Determining if the function pthread_create exists in the pthreads failed with the following output:
Change Dir: /home/dox/Algorithm/OpenPose/build/CMakeFiles/CMakeTmp

Run Build Command:"/usr/bin/make" "cmTC_b5453/fast"
/usr/bin/make -f CMakeFiles/cmTC_b5453.dir/build.make CMakeFiles/cmTC_b5453.dir/build
make[1]: Entering directory '/home/dox/Algorithm/OpenPose/build/CMakeFiles/CMakeTmp'
Building C object CMakeFiles/cmTC_b5453.dir/CheckFunctionExists.c.o
/usr/bin/cc   -fPIC -DCHECK_FUNCTION_EXISTS=pthread_create   -o CMakeFiles/cmTC_b5453.dir/CheckFunctionExists.c.o   -c /usr/share/cmake-3.10/Modules/CheckFunctionExists.c
Linking C executable cmTC_b5453
/usr/bin/cmake -E cmake_link_script CMakeFiles/cmTC_b5453.dir/link.txt --verbose=1
/usr/bin/cc -fPIC -DCHECK_FUNCTION_EXISTS=pthread_create    -rdynamic CMakeFiles/cmTC_b5453.dir/CheckFunctionExists.c.o  -o cmTC_b5453 -lpthreads 
/usr/bin/ld: cannot find -lpthreads
collect2: error: ld returned 1 exit status
CMakeFiles/cmTC_b5453.dir/build.make:97: recipe for target 'cmTC_b5453' failed
make[1]: *** [cmTC_b5453] Error 1
make[1]: Leaving directory '/home/dox/Algorithm/OpenPose/build/CMakeFiles/CMakeTmp'
Makefile:126: recipe for target 'cmTC_b5453/fast' failed
make: *** [cmTC_b5453/fast] Error 2


